This is TeX, Version 3.14159 (C version 6.1e) (format=latex 95.9.4)  20 JAN 1998 17:11
**./images.tex
(images.tex
LaTeX2e <1995/06/01> patch level 3

(/opt/texmf/tex/latex/packages/amslatex/inputs/amsart.cls
Document Class: amsart 1995/02/23 v1.2b
\linespacing=\dimen102
\normalparindent=\dimen103
\normaltopskip=\skip41
(/opt/texmf/tex/latex/packages/amslatex/inputs/amsgen.sty
File: amsgen.sty 1995/01/31 v1.2a
\@emptytoks=\toks14
\ex@=\dimen104
) (/opt/texmf/tex/latex/packages/amslatex/inputs/amsmath.sty
Package: amsmath 1995/02/23 v1.2b AMS math features
\@mathmargin=\skip42
(/opt/texmf/tex/latex/packages/amslatex/inputs/amstext.sty
Package: amstext 1995/01/25 v1.2
) (/opt/texmf/tex/latex/packages/amslatex/inputs/amsbsy.sty
Package: amsbsy 1995/01/20 v1.2
\pmbraise@=\dimen105
) (/opt/texmf/tex/latex/packages/amslatex/inputs/amsopn.sty
Package: amsopn 1995/02/20 v1.2a operator names
)
LaTeX Info: Redefining \frac on input line 180.
\uproot@=\count82
\leftroot@=\count83
\classnum@=\count84
\DOTSCASE@=\count85
LaTeX Info: Redefining \dots on input line 327.
LaTeX Info: Redefining \ldots on input line 410.
LaTeX Info: Redefining \cdots on input line 414.
\Mathstrutbox@=\box26
\strutbox@=\box27
\big@size=\dimen106
LaTeX Font Info:    Redeclaring font encoding OML on input line 492.
LaTeX Font Info:    Redeclaring font encoding OMS on input line 493.
\skewcharcount@=\count86
\familycount@=\count87
\pointcount@=\count88
\accentdimen@=\dimen107
\accentmu@=\count89
\minaw@=\dimen108
\c@MaxMatrixCols=\count90
\dotsspace@=\muskip10
\c@parentequation=\count91
\dspbrk@lvl=\count92
\tag@help=\toks15
\row@=\count93
\column@=\count94
\maxfields@=\count95
\andhelp@=\toks16
\eqnshift@=\dimen109
\alignsep@=\dimen110
\tagshift@=\dimen111
\tagwidth@=\dimen112
\totwidth@=\dimen113
\lineht@=\dimen114
\@envbody=\toks17
\multlinegap=\skip43
\multlinetaggap=\skip44
) (/opt/texmf/tex/amslatex/amsfonts.sty
Package: amsfonts 1995/02/01 v2.2b
\symAMSa=\mathgroup4
\symAMSb=\mathgroup5
LaTeX Font Info:    Overwriting math alphabet `\mathfrak' in version `bold'
(Font)                  U/euf/m/n --> U/euf/b/n on input line 128.
)
\copyins=\insert233
\abstractbox=\box28
\listisep=\skip45
\c@part=\count96
\c@section=\count97
\c@subsection=\count98
\c@subsubsection=\count99
\c@paragraph=\count100
\c@figure=\count101
\c@table=\count102
\abovecaptionskip=\skip46
\belowcaptionskip=\skip47
(/opt/texmf/tex/latex/packages/amslatex/inputs/amsthm.sty
Package: amsthm 1995/02/01 v1.2a
\theorem@style=\toks18
\theorembodyfont=\toks19
\theoremheadfont=\toks20
\theoremnotefont=\toks21
\theoremheadpunct=\toks22
\theorempreskipamount=\skip48
\theorempostskipamount=\skip49
)) (/opt/texmf/tex/local/harvard.sty
Package: harvard 
(/opt/texmf/tex/latex/unpacked/ifthen.sty
Package: ifthen 1995/04/25 v1.0k Standard LaTeX ifthen package (DPC)
))
\sizebox=\box29
\lthtmlwrite=\write3
(images.aux)
LaTeX Font Info:    Checking defaults for OML/cmm/m/it on input line 60.
LaTeX Font Info:    ... okay on input line 60.
LaTeX Font Info:    Checking defaults for T1/cmr/m/n on input line 60.
LaTeX Font Info:    ... okay on input line 60.
LaTeX Font Info:    Checking defaults for OT1/cmr/m/n on input line 60.
LaTeX Font Info:    ... okay on input line 60.
LaTeX Font Info:    Checking defaults for OMS/cmsy/m/n on input line 60.
LaTeX Font Info:    ... okay on input line 60.
LaTeX Font Info:    Checking defaults for OMX/cmex/m/n on input line 60.
LaTeX Font Info:    ... okay on input line 60.
LaTeX Font Info:    Checking defaults for U/cmr/m/n on input line 60.
LaTeX Font Info:    ... okay on input line 60.
LaTeX Font Info:    Try loading font information for U+msa on input line 60.
(/opt/texmf/tex/amslatex/Umsa.fd
File: Umsa.fd 1995/01/05 v2.2e AMS font definitions
)
LaTeX Font Info:    Try loading font information for U+msb on input line 60.
(/opt/texmf/tex/amslatex/Umsb.fd
File: Umsb.fd 1995/01/05 v2.2e AMS font definitions
)
latex2htmlLength hsize=349.0pt
latex2htmlLength vsize=640.215pt
latex2htmlLength hoffset=0.0pt
latex2htmlLength voffset=0.0pt
latex2htmlLength topmargin=0.0pt
latex2htmlLength topskip=10.0pt
latex2htmlLength headheight=0.0pt
latex2htmlLength headsep=0.0pt
latex2htmlLength parskip=0.0pt
latex2htmlLength oddsidemargin=54.8775pt
latex2htmlLength evensidemargin=54.8775pt
l2hSize :tex2html_wrap_inline717:6.94444pt::6.94444pt::8.65282pt.
[1

] (images.aux) ) 
Here is how much of TeX's memory you used:
 1576 strings out of 10957
 17325 string characters out of 72967
 61844 words of memory out of 262141
 4247 multiletter control sequences out of 9500
 8448 words of font info for 34 fonts, out of 100000 for 255
 176 hyphenation exceptions out of 607
 34i,4n,25p,243b,285s stack positions out of 300i,40n,60p,3000b,4000s

Output written on images.dvi (1 page, 296 bytes).
