This is TeX, Version 3.14159 (Web2C 7.4.5) (format=latex 2004.7.7)  13 FEB 2005 16:24
**577s05
(./577s05.tex
LaTeX2e <2001/06/01>
Babel <v3.7h> and hyphenation patterns for american, french, german, ngerman, n
ohyphenation, loaded.
(/opt/sfw/teTeX/share/texmf/tex/latex/base/article.cls
Document Class: article 2001/04/21 v1.4e Standard LaTeX document class
(/opt/sfw/teTeX/share/texmf/tex/latex/base/size10.clo
File: size10.clo 2001/04/21 v1.4e Standard LaTeX file (size option)
)
\c@part=\count79
\c@section=\count80
\c@subsection=\count81
\c@subsubsection=\count82
\c@paragraph=\count83
\c@subparagraph=\count84
\c@figure=\count85
\c@table=\count86
\abovecaptionskip=\skip41
\belowcaptionskip=\skip42
\bibindent=\dimen102
) (./577s05.aux)
\openout1 = `577s05.aux'.

LaTeX Font Info:    Checking defaults for OML/cmm/m/it on input line 3.
LaTeX Font Info:    ... okay on input line 3.
LaTeX Font Info:    Checking defaults for T1/cmr/m/n on input line 3.
LaTeX Font Info:    ... okay on input line 3.
LaTeX Font Info:    Checking defaults for OT1/cmr/m/n on input line 3.
LaTeX Font Info:    ... okay on input line 3.
LaTeX Font Info:    Checking defaults for OMS/cmsy/m/n on input line 3.
LaTeX Font Info:    ... okay on input line 3.
LaTeX Font Info:    Checking defaults for OMX/cmex/m/n on input line 3.
LaTeX Font Info:    ... okay on input line 3.
LaTeX Font Info:    Checking defaults for U/cmr/m/n on input line 3.
LaTeX Font Info:    ... okay on input line 3.
 [1

]
(./577s05.aux) ) 
Here is how much of TeX's memory you used:
 205 strings out of 95847
 2093 string characters out of 1195339
 47419 words of memory out of 1000001
 3219 multiletter control sequences out of 10000+50000
 4591 words of font info for 17 fonts, out of 500000 for 1000
 14 hyphenation exceptions out of 1000
 23i,4n,17p,126b,162s stack positions out of 1500i,500n,5000p,200000b,5000s

Output written on 577s05.dvi (1 page, 2632 bytes).
