This is TeX, Version 3.14159 (C version 6.1e) (format=latex 95.9.4)  31 AUG 1997 21:16
**images.tex
(images.tex
LaTeX2e <1995/06/01> patch level 3

(/opt/texmf/tex/latex/packages/amslatex/inputs/amsart.cls
Document Class: amsart 1995/02/23 v1.2b
\linespacing=\dimen102
\normalparindent=\dimen103
\normaltopskip=\skip41
(/opt/texmf/tex/latex/packages/amslatex/inputs/amsgen.sty
File: amsgen.sty 1995/01/31 v1.2a
\@emptytoks=\toks14
\ex@=\dimen104
) (/opt/texmf/tex/latex/packages/amslatex/inputs/amsmath.sty
Package: amsmath 1995/02/23 v1.2b AMS math features
\@mathmargin=\skip42
(/opt/texmf/tex/latex/packages/amslatex/inputs/amstext.sty
Package: amstext 1995/01/25 v1.2
) (/opt/texmf/tex/latex/packages/amslatex/inputs/amsbsy.sty
Package: amsbsy 1995/01/20 v1.2
\pmbraise@=\dimen105
) (/opt/texmf/tex/latex/packages/amslatex/inputs/amsopn.sty
Package: amsopn 1995/02/20 v1.2a operator names
)
LaTeX Info: Redefining \frac on input line 180.
\uproot@=\count82
\leftroot@=\count83
\classnum@=\count84
\DOTSCASE@=\count85
LaTeX Info: Redefining \dots on input line 327.
LaTeX Info: Redefining \ldots on input line 410.
LaTeX Info: Redefining \cdots on input line 414.
\Mathstrutbox@=\box26
\strutbox@=\box27
\big@size=\dimen106
LaTeX Font Info:    Redeclaring font encoding OML on input line 492.
LaTeX Font Info:    Redeclaring font encoding OMS on input line 493.
\skewcharcount@=\count86
\familycount@=\count87
\pointcount@=\count88
\accentdimen@=\dimen107
\accentmu@=\count89
\minaw@=\dimen108
\c@MaxMatrixCols=\count90
\dotsspace@=\muskip10
\c@parentequation=\count91
\dspbrk@lvl=\count92
\tag@help=\toks15
\row@=\count93
\column@=\count94
\maxfields@=\count95
\andhelp@=\toks16
\eqnshift@=\dimen109
\alignsep@=\dimen110
\tagshift@=\dimen111
\tagwidth@=\dimen112
\totwidth@=\dimen113
\lineht@=\dimen114
\@envbody=\toks17
\multlinegap=\skip43
\multlinetaggap=\skip44
) (/opt/texmf/tex/amslatex/amsfonts.sty
Package: amsfonts 1995/02/01 v2.2b
\symAMSa=\mathgroup4
\symAMSb=\mathgroup5
LaTeX Font Info:    Overwriting math alphabet `\mathfrak' in version `bold'
(Font)                  U/euf/m/n --> U/euf/b/n on input line 128.
)
\copyins=\insert233
\abstractbox=\box28
\listisep=\skip45
\c@part=\count96
\c@section=\count97
\c@subsection=\count98
\c@subsubsection=\count99
\c@paragraph=\count100
\c@figure=\count101
\c@table=\count102
\abovecaptionskip=\skip46
\belowcaptionskip=\skip47
(/opt/texmf/tex/latex/packages/amslatex/inputs/amsthm.sty
Package: amsthm 1995/02/01 v1.2a
\theorem@style=\toks18
\theorembodyfont=\toks19
\theoremheadfont=\toks20
\theoremnotefont=\toks21
\theoremheadpunct=\toks22
\theorempreskipamount=\skip48
\theorempostskipamount=\skip49
)) (/opt/texmf/tex/latex/unpacked/latexsym.sty
Package: latexsym 1995/03/18 v2.2a Standard LaTeX package (lasy symbols)
\symlasy=\mathgroup6
LaTeX Font Info:    Overwriting symbol font `lasy' in version `bold'
(Font)                  U/lasy/m/n --> U/lasy/b/n on input line 81.
) (/opt/texmf/tex/graphics/graphics.sty
Package: graphics 1995/04/27 v0.7b Standard LaTeX Graphics (DPC,SPQR)
(/opt/texmf/tex/graphics/trig.sty
Package: trig 1994/10/16 v1.08 sin cos tan (DPC)
) (/opt/texmf/tex/graphics/graphics.cfg)
Package graphics Info: Driver file: dvips.def on input line 88.
(/opt/texmf/tex/graphics/dvips.def
File: dvips.def 1995/04/19 v2.9 Driver-dependant file (DPC,SPQR)
))
\c@assumption=\count103
\c@lemma=\count104
\c@result=\count105
\c@remark=\count106
\c@proposition=\count107
\c@corollary=\count108
\c@theorem=\count109
\lthtmlwrite=\write3
\sizebox=\box29
(images.aux)
LaTeX Font Info:    Checking defaults for OML/cmm/m/it on input line 80.
LaTeX Font Info:    ... okay on input line 80.
LaTeX Font Info:    Checking defaults for T1/cmr/m/n on input line 80.
LaTeX Font Info:    ... okay on input line 80.
LaTeX Font Info:    Checking defaults for OT1/cmr/m/n on input line 80.
LaTeX Font Info:    ... okay on input line 80.
LaTeX Font Info:    Checking defaults for OMS/cmsy/m/n on input line 80.
LaTeX Font Info:    ... okay on input line 80.
LaTeX Font Info:    Checking defaults for OMX/cmex/m/n on input line 80.
LaTeX Font Info:    ... okay on input line 80.
LaTeX Font Info:    Checking defaults for U/cmr/m/n on input line 80.
LaTeX Font Info:    ... okay on input line 80.
LaTeX Font Info:    Try loading font information for U+msa on input line 80.
(/opt/texmf/tex/amslatex/Umsa.fd
File: Umsa.fd 1995/01/05 v2.2e AMS font definitions
)
LaTeX Font Info:    Try loading font information for U+msb on input line 80.
(/opt/texmf/tex/amslatex/Umsb.fd
File: Umsb.fd 1995/01/05 v2.2e AMS font definitions
)
LaTeX Font Info:    Try loading font information for U+lasy on input line 80.
(/opt/texmf/tex/latex/unpacked/Ulasy.fd
File: Ulasy.fd 1995/03/18 v2.2aLaTeX symbol font definitions
) [1

]
latex2htmlSize :tex2html_wrap_inline184: 9.0pt::3.0pt.
[2

]
latex2htmlSize :tex2html_wrap_inline190: 11.13095pt::2.33331pt.
[3

]
latex2htmlSize :tex2html_wrap_inline192: 8.33331pt::2.33331pt.
[4

]
latex2htmlSize :tex2html_wrap_inline194: 11.49995pt::3.0pt.
[5

]
latex2htmlSize :tex2html_wrap_inline196: 11.49995pt::2.33331pt.
[6

]
latex2htmlSize :tex2html_wrap_inline198: 7.73332pt::2.33331pt.
[7

]
latex2htmlSize :tex2html_wrap_inline210: 9.0pt::3.0pt.
[8

] [9

]
latex2htmlSize :tex2html_wrap_inline214: 11.49995pt::1.79999pt.
[10

] [11

]
latex2htmlSize :tex2html_wrap_inline218: 9.51027pt::3.0pt.
[12

]
latex2htmlSize :tex2html_wrap_inline220: 11.49995pt::2.33331pt.
[13

]
latex2htmlSize :tex2html_wrap_inline222: 9.0pt::3.35555pt.
[14

]
latex2htmlSize :tex2html_wrap_inline224: 8.33331pt::2.33331pt.
[15

] [16

] [17

] [18

] [19

]
latex2htmlSize :tex2html_wrap_inline244: 11.36664pt::1.79999pt.
[20

]
latex2htmlSize :tex2html_wrap_inline258: 11.13095pt::2.33331pt.
[21

]
latex2htmlSize :tex2html_wrap_inline260: 11.13095pt::3.0pt.
[22

] [23

]
latex2htmlSize :tex2html_wrap_inline286: 9.51027pt::0.0pt.
[24

]
latex2htmlSize :tex2html_wrap_inline288: 9.51027pt::3.0pt.
[25

]
latex2htmlSize :tex2html_wrap_inline290: 8.2pt::1.79999pt.
[26

]
latex2htmlSize :tex2html_wrap_inline308: 8.2pt::1.79999pt.
[27

]
latex2htmlSize :tex2html_wrap_inline310: 8.2pt::1.79999pt.
[28

]
latex2htmlSize :tex2html_wrap_inline312: 8.2pt::2.33331pt.
[29

] [30

] [31

]
latex2htmlSize :tex2html_wrap_inline326: 11.49995pt::2.33331pt.
[32

]
latex2htmlSize :tex2html_wrap_inline328: 11.49995pt::0.0pt.
[33

]
latex2htmlSize :tex2html_wrap_inline338: 5.16667pt::0.0pt.
[34

]
latex2htmlSize :tex2html_wrap_inline340: 8.2pt::1.79999pt.
[35

]
latex2htmlSize :tex2html_wrap_inline344: 9.0pt::3.0pt.
[36

]
latex2htmlSize :tex2html_wrap_inline346: 9.0pt::3.0pt.
[37

]
latex2htmlSize :tex2html_wrap_inline348: 11.22003pt::3.66008pt.
[38

]
latex2htmlSize :tex2html_wrap_inline350: 5.16667pt::1.79999pt.
[39

]
latex2htmlSize :tex2html_wrap_inline356: 9.0pt::3.0pt.
[40

]
latex2htmlSize :tex2html_wrap_inline358: 9.51027pt::3.0pt.
[41

]
latex2htmlSize :tex2html_wrap_inline360: 9.51027pt::3.0pt.
[42

]
latex2htmlSize :tex2html_wrap_inline362: 9.0pt::3.0pt.
[43

]
latex2htmlSize :tex2html_wrap_inline364: 9.0pt::3.0pt.
[44

]
latex2htmlSize :tex2html_wrap_inline374: 7.73332pt::0.0pt.
[45

]

LaTeX Warning: No positions in optional float specifier.
               Default added (so using `!tbp') on input line 326.


LaTeX Warning: File `../fig.1.ps' not found on input line 329.


! LaTeX Error: File `../fig.1.ps' not found.

See the LaTeX manual or LaTeX Companion for explanation.
Type  H <return>  for immediate help.
 ...                                              
                                                  
l.329 {\includegraphics{../fig.1.ps}}
                                     
Try typing  <return>  to proceed.
If that doesn't work, type  X <return>  to quit.


! LaTeX Error: Cannot determine size of graphic in ../fig.1.ps (no BoundingBox)
.

See the LaTeX manual or LaTeX Companion for explanation.
Type  H <return>  for immediate help.
 ...                                              
                                                  
l.329 {\includegraphics{../fig.1.ps}}
                                     
Try typing  <return>  to proceed.
If that doesn't work, type  X <return>  to quit.

File: ../fig.1.ps Graphic file (type eps)
<../fig.1.ps> [46] (images.aux) ) 
Here is how much of TeX's memory you used:
 1441 strings out of 10957
 14910 string characters out of 72967
 60696 words of memory out of 262141
 4079 multiletter control sequences out of 9500
 11582 words of font info for 49 fonts, out of 100000 for 255
 176 hyphenation exceptions out of 607
 34i,11n,25p,241b,379s stack positions out of 300i,40n,60p,3000b,4000s

Output written on images.dvi (46 pages, 8336 bytes).
