This is TeX, Version 3.14159 (Web2C 7.3.1) (format=latex 2000.9.18)  29 APR 2003 05:00
**gon10
(gon10.tex
LaTeX2e <1999/12/01> patch level 1
Babel <v3.6Z> and hyphenation patterns for american, french, german, ngerman, n
ohyphenation, loaded.
\@input{preamble.aux}
\openout2 = `preamble.aux'.

(preamble.tex (/usr/local/encap/teTeX-1.0.7/texmf/tex/latex/amscls/amsart.cls
Document Class: amsart 2000/01/17 v2.03
\linespacing=\dimen102
\normalparindent=\dimen103
\normaltopskip=\skip41
(/usr/local/encap/teTeX-1.0.7/texmf/tex/latex/amsmath/amsmath.sty
Package: amsmath 2000/01/15 v2.05 AMS math features
\@mathmargin=\skip42

For additional information on amsmath, use the `?' option.
(/usr/local/encap/teTeX-1.0.7/texmf/tex/latex/amsmath/amstext.sty
Package: amstext 1999/11/15 v2.0

(/usr/local/encap/teTeX-1.0.7/texmf/tex/latex/amsmath/amsgen.sty
File: amsgen.sty 1999/11/30 v2.0
\@emptytoks=\toks14
\ex@=\dimen104
))
(/usr/local/encap/teTeX-1.0.7/texmf/tex/latex/amsmath/amsbsy.sty
Package: amsbsy 1999/11/29 v1.2d
\pmbraise@=\dimen105
)
(/usr/local/encap/teTeX-1.0.7/texmf/tex/latex/amsmath/amsopn.sty
Package: amsopn 1999/12/14 v2.01 operator names
)
\inf@bad=\count79
LaTeX Info: Redefining \frac on input line 198.
\uproot@=\count80
\leftroot@=\count81
LaTeX Info: Redefining \overline on input line 302.
\classnum@=\count82
\DOTSCASE@=\count83
LaTeX Info: Redefining \ldots on input line 376.
LaTeX Info: Redefining \dots on input line 379.
LaTeX Info: Redefining \cdots on input line 464.
\Mathstrutbox@=\box26
\strutbox@=\box27
\big@size=\dimen106
LaTeX Font Info:    Redeclaring font encoding OML on input line 563.
LaTeX Font Info:    Redeclaring font encoding OMS on input line 564.
\macc@skew=\dimen107
\c@MaxMatrixCols=\count84
\dotsspace@=\muskip10
\c@parentequation=\count85
\dspbrk@lvl=\count86
\tag@help=\toks15
\row@=\count87
\column@=\count88
\maxfields@=\count89
\andhelp@=\toks16
\eqnshift@=\dimen108
\alignsep@=\dimen109
\tagshift@=\dimen110
\tagwidth@=\dimen111
\totwidth@=\dimen112
\lineht@=\dimen113
\@envbody=\toks17
\multlinegap=\skip43
\multlinetaggap=\skip44
LaTeX Info: Redefining \[ on input line 2594.
LaTeX Info: Redefining \] on input line 2595.
)
LaTeX Font Info:    Try loading font information for U+msa on input line 395.

(/usr/local/encap/teTeX-1.0.7/texmf/tex/latex/amsfonts/umsa.fd
File: umsa.fd 1995/01/05 v2.2e AMS font definitions
)
(/usr/local/encap/teTeX-1.0.7/texmf/tex/latex/amsfonts/amsfonts.sty
Package: amsfonts 1997/09/17 v2.2e
\symAMSa=\mathgroup4
\symAMSb=\mathgroup5
LaTeX Font Info:    Overwriting math alphabet `\mathfrak' in version `bold'
(Font)                  U/euf/m/n --> U/euf/b/n on input line 133.
)
\copyins=\insert233
\abstractbox=\box28
\listisep=\skip45
\c@part=\count90
\c@section=\count91
\c@subsection=\count92
\c@subsubsection=\count93
\c@paragraph=\count94
\c@subparagraph=\count95
\c@figure=\count96
\c@table=\count97
\abovecaptionskip=\skip46
\belowcaptionskip=\skip47
\captionindent=\dimen114
\thm@style=\toks18
\thm@bodyfont=\toks19
\thm@headfont=\toks20
\thm@notefont=\toks21
\thm@headpunct=\toks22
\thm@preskip=\skip48
\thm@postskip=\skip49
\thm@headsep=\skip50
\dth@everypar=\toks23
)
(/usr/local/encap/teTeX-1.0.7/texmf/tex/latex/base/latexsym.sty
Package: latexsym 1998/08/17 v2.2e Standard LaTeX package (lasy symbols)
\symlasy=\mathgroup6
LaTeX Font Info:    Overwriting symbol font `lasy' in version `bold'
(Font)                  U/lasy/m/n --> U/lasy/b/n on input line 42.
)
(/usr/local/encap/teTeX-1.0.7/texmf/tex/local/harvard.sty
Package: harvard 

(/usr/local/encap/teTeX-1.0.7/texmf/tex/latex/base/ifthen.sty
Package: ifthen 1999/09/10 v1.1b Standard LaTeX ifthen package (DPC)
))
(/usr/local/encap/teTeX-1.0.7/texmf/tex/latex/graphics/lscape.sty
Package: lscape 1999/02/16 v3.0a Landscape Pages (DPC)

(/usr/local/encap/teTeX-1.0.7/texmf/tex/latex/graphics/graphics.sty
Package: graphics 1999/02/16 v1.0l Standard LaTeX Graphics (DPC,SPQR)

(/usr/local/encap/teTeX-1.0.7/texmf/tex/latex/graphics/trig.sty
Package: trig 1999/03/16 v1.09 sin cos tan (DPC)
)
(/usr/local/encap/teTeX-1.0.7/texmf/tex/latex/config/graphics.cfg)
Package graphics Info: Driver file: dvips.def on input line 80.

(/usr/local/encap/teTeX-1.0.7/texmf/tex/latex/graphics/dvips.def
File: dvips.def 1999/02/16 v3.0i Driver-dependant file (DPC,SPQR)
)))
(/usr/local/encap/teTeX-1.0.7/texmf/tex/latex/dstroke/dsfont.sty
Package: dsfont 1995/08/01 v0.1 Double stroke roman fonts
)
(/usr/local/encap/teTeX-1.0.7/texmf/tex/latex/graphics/epsfig.sty
Package: epsfig 1999/02/16 v1.7a (e)psfig emulation (SPQR)

(/usr/local/encap/teTeX-1.0.7/texmf/tex/latex/graphics/graphicx.sty
Package: graphicx 1999/02/16 v1.0f Enhanced LaTeX Graphics (DPC,SPQR)

(/usr/local/encap/teTeX-1.0.7/texmf/tex/latex/graphics/keyval.sty
Package: keyval 1999/03/16 v1.13 key=value parser (DPC)
\KV@toks@=\toks24
)
\Gin@req@height=\dimen115
\Gin@req@width=\dimen116
)
\epsfxsize=\dimen117
\epsfysize=\dimen118
)
(/usr/local/encap/teTeX-1.0.7/texmf/tex/latex/misc/subfigure.sty
Package: subfigure 1995/03/06 v2.0 subfigure package

Package: subfigure 1995/03/06 v2.0
\c@subfigure=\count98
\c@lofdepth=\count99
\c@subtable=\count100
\c@lotdepth=\count101
) (/usr/local/encap/teTeX-1.0.7/texmf/tex/latex/base/alltt.sty
Package: alltt 1997/06/16 v2.0g defines alltt environment
)
\c@ass=\count102
\c@lemma=\count103
\c@thm=\count104
\c@prop=\count105
) (gon10.aux)
\openout1 = `gon10.aux'.

LaTeX Font Info:    Checking defaults for OML/cmm/m/it on input line 3.
LaTeX Font Info:    ... okay on input line 3.
LaTeX Font Info:    Checking defaults for T1/cmr/m/n on input line 3.
LaTeX Font Info:    ... okay on input line 3.
LaTeX Font Info:    Checking defaults for OT1/cmr/m/n on input line 3.
LaTeX Font Info:    ... okay on input line 3.
LaTeX Font Info:    Checking defaults for OMS/cmsy/m/n on input line 3.
LaTeX Font Info:    ... okay on input line 3.
LaTeX Font Info:    Checking defaults for OMX/cmex/m/n on input line 3.
LaTeX Font Info:    ... okay on input line 3.
LaTeX Font Info:    Checking defaults for U/cmr/m/n on input line 3.
LaTeX Font Info:    ... okay on input line 3.
LaTeX Font Info:    Try loading font information for U+msa on input line 3.

(/usr/local/encap/teTeX-1.0.7/texmf/tex/latex/amsfonts/umsa.fd
File: umsa.fd 1995/01/05 v2.2e AMS font definitions
)
LaTeX Font Info:    Try loading font information for U+msb on input line 3.

(/usr/local/encap/teTeX-1.0.7/texmf/tex/latex/amsfonts/umsb.fd
File: umsb.fd 1995/01/05 v2.2e AMS font definitions
)
LaTeX Font Info:    Try loading font information for U+lasy on input line 3.

(/usr/local/encap/teTeX-1.0.7/texmf/tex/latex/base/ulasy.fd
File: ulasy.fd 1998/08/17 v2.2eLaTeX symbol font definitions
) [1


]
LaTeX Font Info:    Try loading font information for U+dsrom on input line 120.


(/usr/local/encap/teTeX-1.0.7/texmf/tex/latex/dstroke/Udsrom.fd
File: Udsrom.fd 1995/08/01 v0.1 Double stroke roman font definitions
) [2] [3]
[4] [5] [6] [7] [8] [9] [10] [11] [12] [13] [14]
Underfull \vbox (badness 10000) has occurred while \output is active []

 [15]
File: fig2.ps Graphic file (type eps)

<fig2.ps> [16]
File: chi25.eps Graphic file (type eps)
 <chi25.eps>
File: chi50.eps Graphic file (type eps)
 <chi50.eps>
File: chi75.eps Graphic file (type eps)
 <chi75.eps>
Overfull \hbox (29.66422pt too wide) in paragraph at lines 1082--1083
 [] 
 []

[17]
File: chicago7.eps Graphic file (type eps)
 <chicago7.eps> [18]
File: qqnorm.eps Graphic file (type eps)
 <qqnorm.eps> [19] (gon10.bbl [20]
Underfull \hbox (badness 4229) in paragraph at lines 106--110
[]| | \OT1/cmr/m/sc/10 Koenker, R., \OT1/cmr/m/sc/10.95 and \OT1/cmr/m/sc/10 P.
 Ng \OT1/cmr/m/n/10 (2002): ``SparseM: A Sparse Ma-trix Pack-age for R,''
 []


Underfull \vbox (badness 10000) has occurred while \output is active []

 [21])
[22] (gon10.aux) ) 
Here is how much of TeX's memory you used:
 2197 strings out of 10901
 24889 string characters out of 71996
 79688 words of memory out of 263001
 4938 multiletter control sequences out of 10000+0
 16361 words of font info for 68 fonts, out of 400000 for 1000
 175 hyphenation exceptions out of 1000
 38i,16n,32p,289b,388s stack positions out of 300i,100n,500p,50000b,4000s

Output written on gon10.dvi (22 pages, 85068 bytes).
